<?xml version="1.0" encoding="UTF-8"?>
<!-- Generated by org.testng.reporters.JUnitReportReporter -->
<testsuite skipped="0" hostname="DESKTOP-4TLP5A0" name="test.Test101" tests="1" failures="0" timestamp="2022-09-03T04:23:34 EDT" time="4.331" errors="0">
  <testcase name="test" time="4.331" classname="test.Test101"/>
  <system-out/>
</testsuite> <!-- test.Test101 -->
