<?xml version="1.0" encoding="UTF-8"?>
<!-- Generated by org.testng.reporters.JUnitReportReporter -->
<testsuite skipped="0" hostname="DESKTOP-4TLP5A0" name="test.DuplicateCategory" tests="1" failures="0" timestamp="2022-09-03T04:26:22 EDT" time="3.491" errors="0">
  <testcase name="test" time="3.491" classname="test.DuplicateCategory"/>
  <system-out/>
</testsuite> <!-- test.DuplicateCategory -->
