<?xml version="1.0" encoding="UTF-8"?>
<!-- Generated by org.testng.reporters.JUnitReportReporter -->
<testsuite skipped="0" hostname="DESKTOP-4TLP5A0" name="test.MonthTest" tests="1" failures="0" timestamp="2022-09-05T00:41:46 EDT" time="4.312" errors="0">
  <testcase name="test" time="4.312" classname="test.MonthTest"/>
  <system-out/>
</testsuite> <!-- test.MonthTest -->
